INFO:root:2024-01-25 11:26:41.209623 - INFO - Входные данные: N=5, k=9
INFO:root:2024-01-25 11:26:41.209623 - INFO - Загаданное число: 4
INFO:root:2024-01-25 11:27:11.824051 - INFO - Входные данные: N=45, k=64
INFO:root:2024-01-25 11:27:11.824051 - INFO - Загаданное число: 21
INFO:root:2024-01-25 11:27:23.943141 - INFO - Входные данные: N=5, k=5
INFO:root:2024-01-25 11:27:23.944140 - INFO - Загаданное число: 1
INFO:root:2024-01-25 11:27:25.856066 - INFO - Попытка пользователя: 1
INFO:root:2024-01-25 11:27:25.856066 - INFO - Пользователь угадал число.
INFO:root:2024-01-25 11:28:26.738560 - INFO - Входные данные: N=7, k=3
INFO:root:2024-01-25 11:28:26.739559 - INFO - Загаданное число: 3
INFO:root:2024-01-25 11:28:29.086349 - INFO - Попытка пользователя: 1
INFO:root:2024-01-25 11:28:29.087349 - INFO - Пользователь ввел число меньше загаданного.
INFO:root:2024-01-25 11:28:31.654937 - INFO - Попытка пользователя: 4
INFO:root:2024-01-25 11:28:31.654937 - INFO - Пользователь ввел число больше загаданного.
INFO:root:2024-01-25 11:28:35.111798 - INFO - Попытка пользователя: 3
INFO:root:2024-01-25 11:28:35.111798 - INFO - Пользователь угадал число.
INFO:root:2024-01-25 11:29:39.781633 - INFO - Входные данные: N=10, k=5
INFO:root:2024-01-25 11:29:39.781633 - INFO - Загаданное число: 7
INFO:root:2024-01-25 11:29:45.534231 - INFO - Попытка пользователя: 5
INFO:root:2024-01-25 11:29:45.535230 - INFO - Пользователь ввел число меньше загаданного.
INFO:root:2024-01-25 11:29:47.470704 - INFO - Попытка пользователя: 7
INFO:root:2024-01-25 11:29:47.470704 - INFO - Пользователь угадал число.
INFO:root:2024-01-25 11:31:41.133503 - INFO - Входные данные: N=7, k=2
INFO:root:2024-01-25 11:31:41.133503 - INFO - Загаданное число: 6
INFO:root:2024-01-25 11:31:42.565207 - INFO - Попытка пользователя: 1
INFO:root:2024-01-25 11:31:42.565207 - INFO - Пользователь ввел число меньше загаданного.
INFO:root:2024-01-25 11:31:44.459600 - INFO - Попытка пользователя: 5
INFO:root:2024-01-25 11:31:44.460600 - INFO - Пользователь ввел число меньше загаданного.
INFO:root:2024-01-25 11:31:44.460600 - INFO - Попытки пользователя закончились.
